# JRE version: OpenJDK Runtime Environment Zulu15.36+13-CA (15.0.5+3) (build 15.0.5+3-MTS)
# Java VM: OpenJDK 64-Bit Server VM Zulu15.36+13-CA (15.0.5+3-MTS, mixed mode, tiered, compressed oops, g1 gc, bsd-aarch64)
GC Precious Log:
 CPUs: 8 total, 8 available
 Memory: 16384M
 Large Page Support: Disabled
 NUMA Support: Disabled
 Compressed Oops: Enabled (Zero based)
 Heap Region Size: 2M
 Heap Min Capacity: 8M
 Heap Initial Capacity: 256M
 Heap Max Capacity: 4G
 Pre-touch: Disabled
 Parallel Workers: 8
 Concurrent Workers: 2
 Concurrent Refinement Workers: 8
 Periodic GC: Disabled
Heap:
 garbage-first heap   total 83968K, used 51175K [0x00000006c0000000, 0x00000007c0000000)
  region size 2048K, 18 young (36864K), 2 survivors (4096K)
 Metaspace       used 52678K, capacity 53295K, committed 53488K, reserved 1095680K
  class space    used 6445K, capacity 6663K, committed 6720K, reserved 1048576K
GC Heap History (20 events):
Event: 1.854 GC heap before
{Heap before GC invocations=5 (full 0):
 garbage-first heap   total 49152K, used 40836K [0x00000006c0000000, 0x00000007c0000000)
  region size 2048K, 18 young (36864K), 2 survivors (4096K)
 Metaspace       used 26044K, capacity 26386K, committed 26608K, reserved 1073152K
  class space    used 2963K, capacity 3068K, committed 3136K, reserved 1048576K
}
Event: 1.859 GC heap after
{Heap after GC invocations=6 (full 0):
 garbage-first heap   total 49152K, used 11643K [0x00000006c0000000, 0x00000007c0000000)
  region size 2048K, 2 young (4096K), 2 survivors (4096K)
 Metaspace       used 26044K, capacity 26386K, committed 26608K, reserved 1073152K
  class space    used 2963K, capacity 3068K, committed 3136K, reserved 1048576K
}
Event: 1.901 GC heap before
{Heap before GC invocations=6 (full 0):
 garbage-first heap   total 49152K, used 30075K [0x00000006c0000000, 0x00000007c0000000)
  region size 2048K, 12 young (24576K), 2 survivors (4096K)
 Metaspace       used 27379K, capacity 27764K, committed 28016K, reserved 1075200K
  class space    used 3108K, capacity 3230K, committed 3264K, reserved 1048576K
}
Event: 1.905 GC heap after
{Heap after GC invocations=7 (full 0):
 garbage-first heap   total 49152K, used 12069K [0x00000006c0000000, 0x00000007c0000000)
  region size 2048K, 2 young (4096K), 2 survivors (4096K)
 Metaspace       used 27379K, capacity 27764K, committed 28016K, reserved 1075200K
  class space    used 3108K, capacity 3230K, committed 3264K, reserved 1048576K
}
Event: 1.907 GC heap before
{Heap before GC invocations=7 (full 0):
 garbage-first heap   total 49152K, used 30501K [0x00000006c0000000, 0x00000007c0000000)
  region size 2048K, 12 young (24576K), 2 survivors (4096K)
 Metaspace       used 27396K, capacity 27764K, committed 28016K, reserved 1075200K
  class space    used 3110K, capacity 3230K, committed 3264K, reserved 1048576K
}
Event: 1.909 GC heap after
{Heap after GC invocations=8 (full 0):
 garbage-first heap   total 49152K, used 12161K [0x00000006c0000000, 0x00000007c0000000)
  region size 2048K, 1 young (2048K), 1 survivors (2048K)
 Metaspace       used 27396K, capacity 27764K, committed 28016K, reserved 1075200K
  class space    used 3110K, capacity 3230K, committed 3264K, reserved 1048576K
}
Event: 2.054 GC heap before
{Heap before GC invocations=8 (full 0):
 garbage-first heap   total 49152K, used 32641K [0x00000006c0000000, 0x00000007c0000000)
  region size 2048K, 12 young (24576K), 1 survivors (2048K)
 Metaspace       used 29498K, capacity 29949K, committed 30192K, reserved 1075200K
  class space    used 3387K, capacity 3532K, committed 3648K, reserved 1048576K
}
Event: 2.058 GC heap after
{Heap after GC invocations=9 (full 0):
 garbage-first heap   total 49152K, used 13156K [0x00000006c0000000, 0x00000007c0000000)
  region size 2048K, 2 young (4096K), 2 survivors (4096K)
 Metaspace       used 29498K, capacity 29949K, committed 30192K, reserved 1075200K
  class space    used 3387K, capacity 3532K, committed 3648K, reserved 1048576K
}
Event: 2.342 GC heap before
{Heap before GC invocations=9 (full 0):
 garbage-first heap   total 49152K, used 31588K [0x00000006c0000000, 0x00000007c0000000)
  region size 2048K, 12 young (24576K), 2 survivors (4096K)
 Metaspace       used 31112K, capacity 31582K, committed 31856K, reserved 1077248K
  class space    used 3576K, capacity 3729K, committed 3776K, reserved 1048576K
}
Event: 2.346 GC heap after
{Heap after GC invocations=10 (full 0):
 garbage-first heap   total 155648K, used 13878K [0x00000006c0000000, 0x00000007c0000000)
  region size 2048K, 2 young (4096K), 2 survivors (4096K)
 Metaspace       used 31112K, capacity 31582K, committed 31856K, reserved 1077248K
  class space    used 3576K, capacity 3729K, committed 3776K, reserved 1048576K
}
Event: 2.739 GC heap before
{Heap before GC invocations=10 (full 0):
 garbage-first heap   total 155648K, used 42550K [0x00000006c0000000, 0x00000007c0000000)
  region size 2048K, 17 young (34816K), 2 survivors (4096K)
 Metaspace       used 35478K, capacity 35922K, committed 35952K, reserved 1081344K
  class space    used 4127K, capacity 4288K, committed 4288K, reserved 1048576K
}
Event: 2.742 GC heap after
{Heap after GC invocations=11 (full 0):
 garbage-first heap   total 155648K, used 15658K [0x00000006c0000000, 0x00000007c0000000)
  region size 2048K, 3 young (6144K), 3 survivors (6144K)
 Metaspace       used 35478K, capacity 35922K, committed 35952K, reserved 1081344K
  class space    used 4127K, capacity 4288K, committed 4288K, reserved 1048576K
}
Event: 3.211 GC heap before
{Heap before GC invocations=12 (full 0):
 garbage-first heap   total 69632K, used 50474K [0x00000006c0000000, 0x00000007c0000000)
  region size 2048K, 20 young (40960K), 3 survivors (6144K)
 Metaspace       used 40967K, capacity 41475K, committed 41584K, reserved 1085440K
  class space    used 4868K, capacity 5049K, committed 5056K, reserved 1048576K
}
Event: 3.218 GC heap after
{Heap after GC invocations=13 (full 0):
 garbage-first heap   total 69632K, used 18394K [0x00000006c0000000, 0x00000007c0000000)
  region size 2048K, 3 young (6144K), 3 survivors (6144K)
 Metaspace       used 40967K, capacity 41475K, committed 41584K, reserved 1085440K
  class space    used 4868K, capacity 5049K, committed 5056K, reserved 1048576K
}
Event: 3.223 GC heap before
{Heap before GC invocations=13 (full 0):
 garbage-first heap   total 69632K, used 49114K [0x00000006c0000000, 0x00000007c0000000)
  region size 2048K, 19 young (38912K), 3 survivors (6144K)
 Metaspace       used 40967K, capacity 41475K, committed 41584K, reserved 1085440K
  class space    used 4868K, capacity 5049K, committed 5056K, reserved 1048576K
}
Event: 3.228 GC heap after
{Heap after GC invocations=14 (full 0):
 garbage-first heap   total 69632K, used 18862K [0x00000006c0000000, 0x00000007c0000000)
  region size 2048K, 2 young (4096K), 2 survivors (4096K)
 Metaspace       used 40967K, capacity 41475K, committed 41584K, reserved 1085440K
  class space    used 4868K, capacity 5049K, committed 5056K, reserved 1048576K
}
Event: 3.290 GC heap before
{Heap before GC invocations=14 (full 0):
 garbage-first heap   total 69632K, used 51630K [0x00000006c0000000, 0x00000007c0000000)
  region size 2048K, 19 young (38912K), 2 survivors (4096K)
 Metaspace       used 41703K, capacity 42275K, committed 42480K, reserved 1087488K
  class space    used 4930K, capacity 5145K, committed 5184K, reserved 1048576K
}
Event: 3.293 GC heap after
{Heap after GC invocations=15 (full 0):
 garbage-first heap   total 83968K, used 19091K [0x00000006c0000000, 0x00000007c0000000)
  region size 2048K, 2 young (4096K), 2 survivors (4096K)
 Metaspace       used 41703K, capacity 42275K, committed 42480K, reserved 1087488K
  class space    used 4930K, capacity 5145K, committed 5184K, reserved 1048576K
}
Event: 3.627 GC heap before
{Heap before GC invocations=15 (full 0):
 garbage-first heap   total 83968K, used 62099K [0x00000006c0000000, 0x00000007c0000000)
  region size 2048K, 24 young (49152K), 2 survivors (4096K)
 Metaspace       used 45662K, capacity 46202K, committed 46320K, reserved 1089536K
  class space    used 5415K, capacity 5602K, committed 5696K, reserved 1048576K
}
Event: 3.632 GC heap after
{Heap after GC invocations=16 (full 0):
 garbage-first heap   total 83968K, used 20455K [0x00000006c0000000, 0x00000007c0000000)
  region size 2048K, 2 young (4096K), 2 survivors (4096K)
 Metaspace       used 45662K, capacity 46202K, committed 46320K, reserved 1089536K
  class space    used 5415K, capacity 5602K, committed 5696K, reserved 1048576K
}

