# JRE version: OpenJDK Runtime Environment Zulu15.36+13-CA (15.0.5+3) (build 15.0.5+3-MTS)
# Java VM: OpenJDK 64-Bit Server VM Zulu15.36+13-CA (15.0.5+3-MTS, mixed mode, tiered, compressed oops, g1 gc, bsd-aarch64)
GC Precious Log:
 CPUs: 8 total, 8 available
 Memory: 16384M
 Large Page Support: Disabled
 NUMA Support: Disabled
 Compressed Oops: Enabled (Zero based)
 Heap Region Size: 2M
 Heap Min Capacity: 8M
 Heap Initial Capacity: 256M
 Heap Max Capacity: 4G
 Pre-touch: Disabled
 Parallel Workers: 8
 Concurrent Workers: 2
 Concurrent Refinement Workers: 8
 Periodic GC: Disabled
Heap:
 garbage-first heap   total 90112K, used 62886K [0x00000006c0000000, 0x00000007c0000000)
  region size 2048K, 18 young (36864K), 2 survivors (4096K)
 Metaspace       used 70385K, capacity 71021K, committed 71424K, reserved 1112064K
  class space    used 8944K, capacity 9172K, committed 9296K, reserved 1048576K
GC Heap History (20 events):
Event: 1.147 GC heap before
{Heap before GC invocations=5 (full 0):
 garbage-first heap   total 53248K, used 32185K [0x00000006c0000000, 0x00000007c0000000)
  region size 2048K, 13 young (26624K), 2 survivors (4096K)
 Metaspace       used 28908K, capacity 29291K, committed 29744K, reserved 1075200K
  class space    used 3328K, capacity 3440K, committed 3456K, reserved 1048576K
}
Event: 1.149 GC heap after
{Heap after GC invocations=6 (full 0):
 garbage-first heap   total 53248K, used 12720K [0x00000006c0000000, 0x00000007c0000000)
  region size 2048K, 2 young (4096K), 2 survivors (4096K)
 Metaspace       used 28908K, capacity 29291K, committed 29744K, reserved 1075200K
  class space    used 3328K, capacity 3440K, committed 3456K, reserved 1048576K
}
Event: 1.151 GC heap before
{Heap before GC invocations=6 (full 0):
 garbage-first heap   total 53248K, used 31152K [0x00000006c0000000, 0x00000007c0000000)
  region size 2048K, 12 young (24576K), 2 survivors (4096K)
 Metaspace       used 28930K, capacity 29291K, committed 29744K, reserved 1075200K
  class space    used 3330K, capacity 3440K, committed 3456K, reserved 1048576K
}
Event: 1.153 GC heap after
{Heap after GC invocations=7 (full 0):
 garbage-first heap   total 53248K, used 12923K [0x00000006c0000000, 0x00000007c0000000)
  region size 2048K, 1 young (2048K), 1 survivors (2048K)
 Metaspace       used 28930K, capacity 29291K, committed 29744K, reserved 1075200K
  class space    used 3330K, capacity 3440K, committed 3456K, reserved 1048576K
}
Event: 1.253 GC heap before
{Heap before GC invocations=7 (full 0):
 garbage-first heap   total 53248K, used 35451K [0x00000006c0000000, 0x00000007c0000000)
  region size 2048K, 13 young (26624K), 1 survivors (2048K)
 Metaspace       used 30327K, capacity 30694K, committed 31280K, reserved 1077248K
  class space    used 3488K, capacity 3606K, committed 3712K, reserved 1048576K
}
Event: 1.256 GC heap after
{Heap after GC invocations=8 (full 0):
 garbage-first heap   total 157696K, used 13837K [0x00000006c0000000, 0x00000007c0000000)
  region size 2048K, 2 young (4096K), 2 survivors (4096K)
 Metaspace       used 30327K, capacity 30694K, committed 31280K, reserved 1077248K
  class space    used 3488K, capacity 3606K, committed 3712K, reserved 1048576K
}
Event: 1.525 GC heap before
{Heap before GC invocations=8 (full 0):
 garbage-first heap   total 157696K, used 48653K [0x00000006c0000000, 0x00000007c0000000)
  region size 2048K, 20 young (40960K), 2 survivors (4096K)
 Metaspace       used 34796K, capacity 35192K, committed 35632K, reserved 1081344K
  class space    used 4054K, capacity 4196K, committed 4224K, reserved 1048576K
}
Event: 1.528 GC heap after
{Heap after GC invocations=9 (full 0):
 garbage-first heap   total 157696K, used 15717K [0x00000006c0000000, 0x00000007c0000000)
  region size 2048K, 2 young (4096K), 2 survivors (4096K)
 Metaspace       used 34796K, capacity 35192K, committed 35632K, reserved 1081344K
  class space    used 4054K, capacity 4196K, committed 4224K, reserved 1048576K
}
Event: 1.775 GC heap before
{Heap before GC invocations=10 (full 0):
 garbage-first heap   total 61440K, used 48485K [0x00000006c0000000, 0x00000007c0000000)
  region size 2048K, 18 young (36864K), 2 survivors (4096K)
 Metaspace       used 39433K, capacity 39842K, committed 40368K, reserved 1085440K
  class space    used 4654K, capacity 4826K, committed 4864K, reserved 1048576K
}
Event: 1.781 GC heap after
{Heap after GC invocations=11 (full 0):
 garbage-first heap   total 61440K, used 17936K [0x00000006c0000000, 0x00000007c0000000)
  region size 2048K, 3 young (6144K), 3 survivors (6144K)
 Metaspace       used 39433K, capacity 39842K, committed 40368K, reserved 1085440K
  class space    used 4654K, capacity 4826K, committed 4864K, reserved 1048576K
}
Event: 1.953 GC heap before
{Heap before GC invocations=11 (full 0):
 garbage-first heap   total 61440K, used 44560K [0x00000006c0000000, 0x00000007c0000000)
  region size 2048K, 16 young (32768K), 3 survivors (6144K)
 Metaspace       used 44455K, capacity 44931K, committed 45616K, reserved 1089536K
  class space    used 5482K, capacity 5665K, committed 5760K, reserved 1048576K
}
Event: 1.957 GC heap after
{Heap after GC invocations=12 (full 0):
 garbage-first heap   total 61440K, used 19163K [0x00000006c0000000, 0x00000007c0000000)
  region size 2048K, 1 young (2048K), 1 survivors (2048K)
 Metaspace       used 44455K, capacity 44931K, committed 45616K, reserved 1089536K
  class space    used 5482K, capacity 5665K, committed 5760K, reserved 1048576K
}
Event: 2.191 GC heap before
{Heap before GC invocations=12 (full 0):
 garbage-first heap   total 61440K, used 47835K [0x00000006c0000000, 0x00000007c0000000)
  region size 2048K, 15 young (30720K), 1 survivors (2048K)
 Metaspace       used 53078K, capacity 53612K, committed 54320K, reserved 1097728K
  class space    used 6538K, capacity 6764K, committed 6784K, reserved 1048576K
}
Event: 2.195 GC heap after
{Heap after GC invocations=13 (full 0):
 garbage-first heap   total 161792K, used 21583K [0x00000006c0000000, 0x00000007c0000000)
  region size 2048K, 2 young (4096K), 2 survivors (4096K)
 Metaspace       used 53078K, capacity 53612K, committed 54320K, reserved 1097728K
  class space    used 6538K, capacity 6764K, committed 6784K, reserved 1048576K
}
Event: 2.421 GC heap before
{Heap before GC invocations=13 (full 0):
 garbage-first heap   total 161792K, used 62543K [0x00000006c0000000, 0x00000007c0000000)
  region size 2048K, 23 young (47104K), 2 survivors (4096K)
 Metaspace       used 59047K, capacity 59555K, committed 60032K, reserved 1101824K
  class space    used 7375K, capacity 7581K, committed 7632K, reserved 1048576K
}
Event: 2.424 GC heap after
{Heap after GC invocations=14 (full 0):
 garbage-first heap   total 161792K, used 23151K [0x00000006c0000000, 0x00000007c0000000)
  region size 2048K, 3 young (6144K), 3 survivors (6144K)
 Metaspace       used 59047K, capacity 59555K, committed 60032K, reserved 1101824K
  class space    used 7375K, capacity 7581K, committed 7632K, reserved 1048576K
}
Event: 2.700 GC heap before
{Heap before GC invocations=15 (full 0):
 garbage-first heap   total 90112K, used 70255K [0x00000006c0000000, 0x00000007c0000000)
  region size 2048K, 26 young (53248K), 3 survivors (6144K)
 Metaspace       used 65537K, capacity 66113K, committed 66560K, reserved 1107968K
  class space    used 8277K, capacity 8484K, committed 8528K, reserved 1048576K
}
Event: 2.708 GC heap after
{Heap after GC invocations=16 (full 0):
 garbage-first heap   total 90112K, used 28547K [0x00000006c0000000, 0x00000007c0000000)
  region size 2048K, 4 young (8192K), 4 survivors (8192K)
 Metaspace       used 65537K, capacity 66113K, committed 66560K, reserved 1107968K
  class space    used 8277K, capacity 8484K, committed 8528K, reserved 1048576K
}
Event: 2.920 GC heap before
{Heap before GC invocations=16 (full 0):
 garbage-first heap   total 90112K, used 67459K [0x00000006c0000000, 0x00000007c0000000)
  region size 2048K, 23 young (47104K), 4 survivors (8192K)
 Metaspace       used 68236K, capacity 68887K, committed 69376K, reserved 1110016K
  class space    used 8670K, capacity 8911K, committed 9040K, reserved 1048576K
}
Event: 2.928 GC heap after
{Heap after GC invocations=17 (full 0):
 garbage-first heap   total 90112K, used 32166K [0x00000006c0000000, 0x00000007c0000000)
  region size 2048K, 2 young (4096K), 2 survivors (4096K)
 Metaspace       used 68236K, capacity 68887K, committed 69376K, reserved 1110016K
  class space    used 8670K, capacity 8911K, committed 9040K, reserved 1048576K
}

