# JRE version: OpenJDK Runtime Environment Zulu15.36+13-CA (15.0.5+3) (build 15.0.5+3-MTS)
# Java VM: OpenJDK 64-Bit Server VM Zulu15.36+13-CA (15.0.5+3-MTS, mixed mode, tiered, compressed oops, g1 gc, bsd-aarch64)
GC Precious Log:
 CPUs: 8 total, 8 available
 Memory: 16384M
 Large Page Support: Disabled
 NUMA Support: Disabled
 Compressed Oops: Enabled (Zero based)
 Heap Region Size: 2M
 Heap Min Capacity: 8M
 Heap Initial Capacity: 256M
 Heap Max Capacity: 4G
 Pre-touch: Disabled
 Parallel Workers: 8
 Concurrent Workers: 2
 Concurrent Refinement Workers: 8
 Periodic GC: Disabled
Heap:
 garbage-first heap   total 86016K, used 29160K [0x00000006c0000000, 0x00000007c0000000)
  region size 2048K, 4 young (8192K), 1 survivors (2048K)
 Metaspace       used 59410K, capacity 59982K, committed 60160K, reserved 1101824K
  class space    used 7411K, capacity 7616K, committed 7680K, reserved 1048576K
GC Heap History (20 events):
Event: 1.908 GC heap before
{Heap before GC invocations=6 (full 0):
 garbage-first heap   total 49152K, used 27401K [0x00000006c0000000, 0x00000007c0000000)
  region size 2048K, 10 young (20480K), 2 survivors (4096K)
 Metaspace       used 30152K, capacity 30491K, committed 30592K, reserved 1077248K
  class space    used 3546K, capacity 3661K, committed 3712K, reserved 1048576K
}
Event: 1.910 GC heap after
{Heap after GC invocations=7 (full 0):
 garbage-first heap   total 49152K, used 13730K [0x00000006c0000000, 0x00000007c0000000)
  region size 2048K, 2 young (4096K), 2 survivors (4096K)
 Metaspace       used 30152K, capacity 30491K, committed 30592K, reserved 1077248K
  class space    used 3546K, capacity 3661K, committed 3712K, reserved 1048576K
}
Event: 1.913 GC heap before
{Heap before GC invocations=7 (full 0):
 garbage-first heap   total 49152K, used 30114K [0x00000006c0000000, 0x00000007c0000000)
  region size 2048K, 11 young (22528K), 2 survivors (4096K)
 Metaspace       used 30203K, capacity 30555K, committed 30848K, reserved 1077248K
  class space    used 3552K, capacity 3661K, committed 3712K, reserved 1048576K
}
Event: 1.915 GC heap after
{Heap after GC invocations=8 (full 0):
 garbage-first heap   total 49152K, used 13790K [0x00000006c0000000, 0x00000007c0000000)
  region size 2048K, 1 young (2048K), 1 survivors (2048K)
 Metaspace       used 30203K, capacity 30555K, committed 30848K, reserved 1077248K
  class space    used 3552K, capacity 3661K, committed 3712K, reserved 1048576K
}
Event: 1.923 GC heap before
{Heap before GC invocations=8 (full 0):
 garbage-first heap   total 49152K, used 32222K [0x00000006c0000000, 0x00000007c0000000)
  region size 2048K, 11 young (22528K), 1 survivors (2048K)
 Metaspace       used 30507K, capacity 30843K, committed 31104K, reserved 1077248K
  class space    used 3568K, capacity 3693K, committed 3712K, reserved 1048576K
}
Event: 1.924 GC heap after
{Heap after GC invocations=9 (full 0):
 garbage-first heap   total 49152K, used 13790K [0x00000006c0000000, 0x00000007c0000000)
  region size 2048K, 1 young (2048K), 1 survivors (2048K)
 Metaspace       used 30507K, capacity 30843K, committed 31104K, reserved 1077248K
  class space    used 3568K, capacity 3693K, committed 3712K, reserved 1048576K
}
Event: 2.041 GC heap before
{Heap before GC invocations=9 (full 0):
 garbage-first heap   total 49152K, used 34270K [0x00000006c0000000, 0x00000007c0000000)
  region size 2048K, 12 young (24576K), 1 survivors (2048K)
 Metaspace       used 33219K, capacity 33624K, committed 33792K, reserved 1079296K
  class space    used 3941K, capacity 4086K, committed 4096K, reserved 1048576K
}
Event: 2.044 GC heap after
{Heap after GC invocations=10 (full 0):
 garbage-first heap   total 49152K, used 14866K [0x00000006c0000000, 0x00000007c0000000)
  region size 2048K, 2 young (4096K), 2 survivors (4096K)
 Metaspace       used 33219K, capacity 33624K, committed 33792K, reserved 1079296K
  class space    used 3941K, capacity 4086K, committed 4096K, reserved 1048576K
}
Event: 2.184 GC heap before
{Heap before GC invocations=10 (full 0):
 garbage-first heap   total 49152K, used 35346K [0x00000006c0000000, 0x00000007c0000000)
  region size 2048K, 12 young (24576K), 2 survivors (4096K)
 Metaspace       used 35007K, capacity 35416K, committed 35584K, reserved 1081344K
  class space    used 4159K, capacity 4315K, committed 4352K, reserved 1048576K
}
Event: 2.189 GC heap after
{Heap after GC invocations=11 (full 0):
 garbage-first heap   total 49152K, used 15560K [0x00000006c0000000, 0x00000007c0000000)
  region size 2048K, 2 young (4096K), 2 survivors (4096K)
 Metaspace       used 35007K, capacity 35416K, committed 35584K, reserved 1081344K
  class space    used 4159K, capacity 4315K, committed 4352K, reserved 1048576K
}
Event: 2.224 GC heap before
{Heap before GC invocations=11 (full 0):
 garbage-first heap   total 49152K, used 17608K [0x00000006c0000000, 0x00000007c0000000)
  region size 2048K, 4 young (8192K), 2 survivors (4096K)
 Metaspace       used 35383K, capacity 35771K, committed 35840K, reserved 1081344K
  class space    used 4212K, capacity 4348K, committed 4352K, reserved 1048576K
}
Event: 2.227 GC heap after
{Heap after GC invocations=12 (full 0):
 garbage-first heap   total 155648K, used 15974K [0x00000006c0000000, 0x00000007c0000000)
  region size 2048K, 2 young (4096K), 2 survivors (4096K)
 Metaspace       used 35383K, capacity 35771K, committed 35840K, reserved 1081344K
  class space    used 4212K, capacity 4348K, committed 4352K, reserved 1048576K
}
Event: 2.848 GC heap before
{Heap before GC invocations=13 (full 0):
 garbage-first heap   total 69632K, used 52838K [0x00000006c0000000, 0x00000007c0000000)
  region size 2048K, 20 young (40960K), 2 survivors (4096K)
 Metaspace       used 40717K, capacity 41206K, committed 41472K, reserved 1085440K
  class space    used 4906K, capacity 5037K, committed 5120K, reserved 1048576K
}
Event: 2.853 GC heap after
{Heap after GC invocations=14 (full 0):
 garbage-first heap   total 69632K, used 18189K [0x00000006c0000000, 0x00000007c0000000)
  region size 2048K, 3 young (6144K), 3 survivors (6144K)
 Metaspace       used 40717K, capacity 41206K, committed 41472K, reserved 1085440K
  class space    used 4906K, capacity 5037K, committed 5120K, reserved 1048576K
}
Event: 3.366 GC heap before
{Heap before GC invocations=14 (full 0):
 garbage-first heap   total 69632K, used 48909K [0x00000006c0000000, 0x00000007c0000000)
  region size 2048K, 19 young (38912K), 3 survivors (6144K)
 Metaspace       used 45998K, capacity 46482K, committed 46592K, reserved 1089536K
  class space    used 5613K, capacity 5812K, committed 5888K, reserved 1048576K
}
Event: 3.373 GC heap after
{Heap after GC invocations=15 (full 0):
 garbage-first heap   total 69632K, used 20559K [0x00000006c0000000, 0x00000007c0000000)
  region size 2048K, 3 young (6144K), 3 survivors (6144K)
 Metaspace       used 45998K, capacity 46482K, committed 46592K, reserved 1089536K
  class space    used 5613K, capacity 5812K, committed 5888K, reserved 1048576K
}
Event: 3.971 GC heap before
{Heap before GC invocations=15 (full 0):
 garbage-first heap   total 69632K, used 49231K [0x00000006c0000000, 0x00000007c0000000)
  region size 2048K, 18 young (36864K), 3 survivors (6144K)
 Metaspace       used 54470K, capacity 55012K, committed 55168K, reserved 1097728K
  class space    used 6786K, capacity 6968K, committed 7040K, reserved 1048576K
}
Event: 3.978 GC heap after
{Heap after GC invocations=16 (full 0):
 garbage-first heap   total 69632K, used 24053K [0x00000006c0000000, 0x00000007c0000000)
  region size 2048K, 3 young (6144K), 3 survivors (6144K)
 Metaspace       used 54470K, capacity 55012K, committed 55168K, reserved 1097728K
  class space    used 6786K, capacity 6968K, committed 7040K, reserved 1048576K
}
Event: 4.262 GC heap before
{Heap before GC invocations=16 (full 0):
 garbage-first heap   total 69632K, used 48629K [0x00000006c0000000, 0x00000007c0000000)
  region size 2048K, 16 young (32768K), 3 survivors (6144K)
 Metaspace       used 59208K, capacity 59749K, committed 59904K, reserved 1101824K
  class space    used 7370K, capacity 7582K, committed 7680K, reserved 1048576K
}
Event: 4.268 GC heap after
{Heap after GC invocations=17 (full 0):
 garbage-first heap   total 86016K, used 25064K [0x00000006c0000000, 0x00000007c0000000)
  region size 2048K, 1 young (2048K), 1 survivors (2048K)
 Metaspace       used 59208K, capacity 59749K, committed 59904K, reserved 1101824K
  class space    used 7370K, capacity 7582K, committed 7680K, reserved 1048576K
}

