# JRE version: OpenJDK Runtime Environment Zulu15.36+13-CA (15.0.5+3) (build 15.0.5+3-MTS)
# Java VM: OpenJDK 64-Bit Server VM Zulu15.36+13-CA (15.0.5+3-MTS, mixed mode, tiered, compressed oops, g1 gc, bsd-aarch64)
GC Precious Log:
 CPUs: 8 total, 8 available
 Memory: 16384M
 Large Page Support: Disabled
 NUMA Support: Disabled
 Compressed Oops: Enabled (Zero based)
 Heap Region Size: 2M
 Heap Min Capacity: 8M
 Heap Initial Capacity: 256M
 Heap Max Capacity: 4G
 Pre-touch: Disabled
 Parallel Workers: 8
 Concurrent Workers: 2
 Concurrent Refinement Workers: 8
 Periodic GC: Disabled
Heap:
 garbage-first heap   total 116736K, used 53129K [0x00000006c0000000, 0x00000007c0000000)
  region size 2048K, 12 young (24576K), 2 survivors (4096K)
 Metaspace       used 80122K, capacity 80864K, committed 81344K, reserved 1120256K
  class space    used 10123K, capacity 10383K, committed 10432K, reserved 1048576K
GC Heap History (20 events):
Event: 0.988 GC heap before
{Heap before GC invocations=5 (full 0):
 garbage-first heap   total 49152K, used 46981K [0x00000006c0000000, 0x00000007c0000000)
  region size 2048K, 20 young (40960K), 2 survivors (4096K)
 Metaspace       used 26964K, capacity 27316K, committed 27520K, reserved 1073152K
  class space    used 3061K, capacity 3166K, committed 3200K, reserved 1048576K
}
Event: 0.992 GC heap after
{Heap after GC invocations=6 (full 0):
 garbage-first heap   total 159744K, used 11868K [0x00000006c0000000, 0x00000007c0000000)
  region size 2048K, 3 young (6144K), 3 survivors (6144K)
 Metaspace       used 26964K, capacity 27316K, committed 27520K, reserved 1073152K
  class space    used 3061K, capacity 3166K, committed 3200K, reserved 1048576K
}
Event: 1.372 GC heap before
{Heap before GC invocations=6 (full 0):
 garbage-first heap   total 159744K, used 97884K [0x00000006c0000000, 0x00000007c0000000)
  region size 2048K, 46 young (94208K), 3 survivors (6144K)
 Metaspace       used 32135K, capacity 32553K, committed 32896K, reserved 1079296K
  class space    used 3706K, capacity 3859K, committed 3968K, reserved 1048576K
}
Event: 1.376 GC heap after
{Heap after GC invocations=7 (full 0):
 garbage-first heap   total 159744K, used 14062K [0x00000006c0000000, 0x00000007c0000000)
  region size 2048K, 4 young (8192K), 4 survivors (8192K)
 Metaspace       used 32135K, capacity 32553K, committed 32896K, reserved 1079296K
  class space    used 3706K, capacity 3859K, committed 3968K, reserved 1048576K
}
Event: 1.617 GC heap before
{Heap before GC invocations=7 (full 0):
 garbage-first heap   total 159744K, used 34542K [0x00000006c0000000, 0x00000007c0000000)
  region size 2048K, 15 young (30720K), 4 survivors (8192K)
 Metaspace       used 35555K, capacity 35986K, committed 36032K, reserved 1081344K
  class space    used 4139K, capacity 4288K, committed 4288K, reserved 1048576K
}
Event: 1.622 GC heap after
{Heap after GC invocations=8 (full 0):
 garbage-first heap   total 159744K, used 15623K [0x00000006c0000000, 0x00000007c0000000)
  region size 2048K, 4 young (8192K), 4 survivors (8192K)
 Metaspace       used 35555K, capacity 35986K, committed 36032K, reserved 1081344K
  class space    used 4139K, capacity 4288K, committed 4288K, reserved 1048576K
}
Event: 1.919 GC heap before
{Heap before GC invocations=9 (full 0):
 garbage-first heap   total 61440K, used 44295K [0x00000006c0000000, 0x00000007c0000000)
  region size 2048K, 18 young (36864K), 4 survivors (8192K)
 Metaspace       used 40494K, capacity 41027K, committed 41152K, reserved 1085440K
  class space    used 4810K, capacity 4985K, committed 5056K, reserved 1048576K
}
Event: 1.928 GC heap after
{Heap after GC invocations=10 (full 0):
 garbage-first heap   total 61440K, used 18254K [0x00000006c0000000, 0x00000007c0000000)
  region size 2048K, 3 young (6144K), 3 survivors (6144K)
 Metaspace       used 40494K, capacity 41027K, committed 41152K, reserved 1085440K
  class space    used 4810K, capacity 4985K, committed 5056K, reserved 1048576K
}
Event: 1.958 GC heap before
{Heap before GC invocations=10 (full 0):
 garbage-first heap   total 61440K, used 42830K [0x00000006c0000000, 0x00000007c0000000)
  region size 2048K, 16 young (32768K), 3 survivors (6144K)
 Metaspace       used 40948K, capacity 41475K, committed 41664K, reserved 1085440K
  class space    used 4868K, capacity 5049K, committed 5056K, reserved 1048576K
}
Event: 1.961 GC heap after
{Heap after GC invocations=11 (full 0):
 garbage-first heap   total 161792K, used 18744K [0x00000006c0000000, 0x00000007c0000000)
  region size 2048K, 1 young (2048K), 1 survivors (2048K)
 Metaspace       used 40948K, capacity 41475K, committed 41664K, reserved 1085440K
  class space    used 4868K, capacity 5049K, committed 5056K, reserved 1048576K
}
Event: 2.323 GC heap before
{Heap before GC invocations=11 (full 0):
 garbage-first heap   total 161792K, used 110904K [0x00000006c0000000, 0x00000007c0000000)
  region size 2048K, 47 young (96256K), 1 survivors (2048K)
 Metaspace       used 45655K, capacity 46202K, committed 46400K, reserved 1089536K
  class space    used 5421K, capacity 5602K, committed 5696K, reserved 1048576K
}
Event: 2.327 GC heap after
{Heap after GC invocations=12 (full 0):
 garbage-first heap   total 161792K, used 20199K [0x00000006c0000000, 0x00000007c0000000)
  region size 2048K, 2 young (4096K), 2 survivors (4096K)
 Metaspace       used 45655K, capacity 46202K, committed 46400K, reserved 1089536K
  class space    used 5421K, capacity 5602K, committed 5696K, reserved 1048576K
}
Event: 2.832 GC heap before
{Heap before GC invocations=12 (full 0):
 garbage-first heap   total 161792K, used 73447K [0x00000006c0000000, 0x00000007c0000000)
  region size 2048K, 29 young (59392K), 2 survivors (4096K)
 Metaspace       used 59829K, capacity 60359K, committed 60480K, reserved 1101824K
  class space    used 7352K, capacity 7564K, committed 7616K, reserved 1048576K
}
Event: 2.837 GC heap after
{Heap after GC invocations=13 (full 0):
 garbage-first heap   total 161792K, used 24260K [0x00000006c0000000, 0x00000007c0000000)
  region size 2048K, 4 young (8192K), 4 survivors (8192K)
 Metaspace       used 59829K, capacity 60359K, committed 60480K, reserved 1101824K
  class space    used 7352K, capacity 7564K, committed 7616K, reserved 1048576K
}
Event: 3.183 GC heap before
{Heap before GC invocations=14 (full 0):
 garbage-first heap   total 96256K, used 73412K [0x00000006c0000000, 0x00000007c0000000)
  region size 2048K, 28 young (57344K), 4 survivors (8192K)
 Metaspace       used 66441K, capacity 67003K, committed 67264K, reserved 1107968K
  class space    used 8350K, capacity 8574K, committed 8640K, reserved 1048576K
}
Event: 3.188 GC heap after
{Heap after GC invocations=15 (full 0):
 garbage-first heap   total 96256K, used 26215K [0x00000006c0000000, 0x00000007c0000000)
  region size 2048K, 3 young (6144K), 3 survivors (6144K)
 Metaspace       used 66441K, capacity 67003K, committed 67264K, reserved 1107968K
  class space    used 8350K, capacity 8574K, committed 8640K, reserved 1048576K
}
Event: 3.511 GC heap before
{Heap before GC invocations=15 (full 0):
 garbage-first heap   total 96256K, used 73319K [0x00000006c0000000, 0x00000007c0000000)
  region size 2048K, 26 young (53248K), 3 survivors (6144K)
 Metaspace       used 72422K, capacity 73113K, committed 73408K, reserved 1114112K
  class space    used 9171K, capacity 9396K, committed 9408K, reserved 1048576K
}
Event: 3.516 GC heap after
{Heap after GC invocations=16 (full 0):
 garbage-first heap   total 116736K, used 31416K [0x00000006c0000000, 0x00000007c0000000)
  region size 2048K, 4 young (8192K), 4 survivors (8192K)
 Metaspace       used 72422K, capacity 73113K, committed 73408K, reserved 1114112K
  class space    used 9171K, capacity 9396K, committed 9408K, reserved 1048576K
}
Event: 4.247 GC heap before
{Heap before GC invocations=16 (full 0):
 garbage-first heap   total 116736K, used 86712K [0x00000006c0000000, 0x00000007c0000000)
  region size 2048K, 31 young (63488K), 4 survivors (8192K)
 Metaspace       used 77231K, capacity 77957K, committed 78400K, reserved 1118208K
  class space    used 9746K, capacity 9995K, committed 10048K, reserved 1048576K
}
Event: 4.252 GC heap after
{Heap after GC invocations=17 (full 0):
 garbage-first heap   total 116736K, used 34697K [0x00000006c0000000, 0x00000007c0000000)
  region size 2048K, 2 young (4096K), 2 survivors (4096K)
 Metaspace       used 77231K, capacity 77957K, committed 78400K, reserved 1118208K
  class space    used 9746K, capacity 9995K, committed 10048K, reserved 1048576K
}

