# JRE version: OpenJDK Runtime Environment Zulu15.36+13-CA (15.0.5+3) (build 15.0.5+3-MTS)
# Java VM: OpenJDK 64-Bit Server VM Zulu15.36+13-CA (15.0.5+3-MTS, mixed mode, tiered, compressed oops, g1 gc, bsd-aarch64)
GC Precious Log:
 CPUs: 8 total, 8 available
 Memory: 16384M
 Large Page Support: Disabled
 NUMA Support: Disabled
 Compressed Oops: Enabled (Zero based)
 Heap Region Size: 2M
 Heap Min Capacity: 8M
 Heap Initial Capacity: 256M
 Heap Max Capacity: 4G
 Pre-touch: Disabled
 Parallel Workers: 8
 Concurrent Workers: 2
 Concurrent Refinement Workers: 8
 Periodic GC: Disabled
Heap:
 garbage-first heap   total 94208K, used 62251K [0x00000006c0000000, 0x00000007c0000000)
  region size 2048K, 23 young (47104K), 3 survivors (6144K)
 Metaspace       used 64596K, capacity 65234K, committed 65392K, reserved 1105920K
  class space    used 8078K, capacity 8332K, committed 8384K, reserved 1048576K
GC Heap History (20 events):
Event: 1.219 GC heap before
{Heap before GC invocations=5 (full 0):
 garbage-first heap   total 49152K, used 44396K [0x00000006c0000000, 0x00000007c0000000)
  region size 2048K, 20 young (40960K), 2 survivors (4096K)
 Metaspace       used 25340K, capacity 25709K, committed 25984K, reserved 1073152K
  class space    used 2780K, capacity 2911K, committed 2944K, reserved 1048576K
}
Event: 1.227 GC heap after
{Heap after GC invocations=6 (full 0):
 garbage-first heap   total 53248K, used 10893K [0x00000006c0000000, 0x00000007c0000000)
  region size 2048K, 2 young (4096K), 2 survivors (4096K)
 Metaspace       used 25340K, capacity 25709K, committed 25984K, reserved 1073152K
  class space    used 2780K, capacity 2911K, committed 2944K, reserved 1048576K
}
Event: 1.231 GC heap before
{Heap before GC invocations=6 (full 0):
 garbage-first heap   total 53248K, used 33421K [0x00000006c0000000, 0x00000007c0000000)
  region size 2048K, 14 young (28672K), 2 survivors (4096K)
 Metaspace       used 25341K, capacity 25709K, committed 25984K, reserved 1073152K
  class space    used 2780K, capacity 2911K, committed 2944K, reserved 1048576K
}
Event: 1.238 GC heap after
{Heap after GC invocations=7 (full 0):
 garbage-first heap   total 53248K, used 11087K [0x00000006c0000000, 0x00000007c0000000)
  region size 2048K, 1 young (2048K), 1 survivors (2048K)
 Metaspace       used 25341K, capacity 25709K, committed 25984K, reserved 1073152K
  class space    used 2780K, capacity 2911K, committed 2944K, reserved 1048576K
}
Event: 1.530 GC heap before
{Heap before GC invocations=7 (full 0):
 garbage-first heap   total 53248K, used 35663K [0x00000006c0000000, 0x00000007c0000000)
  region size 2048K, 14 young (28672K), 1 survivors (2048K)
 Metaspace       used 26886K, capacity 27262K, committed 27520K, reserved 1073152K
  class space    used 2954K, capacity 3084K, committed 3200K, reserved 1048576K
}
Event: 1.536 GC heap after
{Heap after GC invocations=8 (full 0):
 garbage-first heap   total 53248K, used 12099K [0x00000006c0000000, 0x00000007c0000000)
  region size 2048K, 2 young (4096K), 2 survivors (4096K)
 Metaspace       used 26886K, capacity 27262K, committed 27520K, reserved 1073152K
  class space    used 2954K, capacity 3084K, committed 3200K, reserved 1048576K
}
Event: 1.749 GC heap before
{Heap before GC invocations=8 (full 0):
 garbage-first heap   total 53248K, used 38723K [0x00000006c0000000, 0x00000007c0000000)
  region size 2048K, 15 young (30720K), 2 survivors (4096K)
 Metaspace       used 29615K, capacity 30010K, committed 30080K, reserved 1075200K
  class space    used 3310K, capacity 3441K, committed 3456K, reserved 1048576K
}
Event: 1.751 GC heap after
{Heap after GC invocations=9 (full 0):
 garbage-first heap   total 157696K, used 13186K [0x00000006c0000000, 0x00000007c0000000)
  region size 2048K, 2 young (4096K), 2 survivors (4096K)
 Metaspace       used 29615K, capacity 30010K, committed 30080K, reserved 1075200K
  class space    used 3310K, capacity 3441K, committed 3456K, reserved 1048576K
}
Event: 2.014 GC heap before
{Heap before GC invocations=9 (full 0):
 garbage-first heap   total 157696K, used 41858K [0x00000006c0000000, 0x00000007c0000000)
  region size 2048K, 17 young (34816K), 2 survivors (4096K)
 Metaspace       used 35117K, capacity 35562K, committed 35632K, reserved 1081344K
  class space    used 4063K, capacity 4211K, committed 4224K, reserved 1048576K
}
Event: 2.017 GC heap after
{Heap after GC invocations=10 (full 0):
 garbage-first heap   total 157696K, used 15581K [0x00000006c0000000, 0x00000007c0000000)
  region size 2048K, 3 young (6144K), 3 survivors (6144K)
 Metaspace       used 35117K, capacity 35562K, committed 35632K, reserved 1081344K
  class space    used 4063K, capacity 4211K, committed 4224K, reserved 1048576K
}
Event: 2.105 GC heap before
{Heap before GC invocations=11 (full 0):
 garbage-first heap   total 69632K, used 64733K [0x00000006c0000000, 0x00000007c0000000)
  region size 2048K, 28 young (57344K), 3 survivors (6144K)
 Metaspace       used 37175K, capacity 37710K, committed 38000K, reserved 1083392K
  class space    used 4287K, capacity 4501K, committed 4544K, reserved 1048576K
}
Event: 2.109 GC heap after
{Heap after GC invocations=12 (full 0):
 garbage-first heap   total 77824K, used 16818K [0x00000006c0000000, 0x00000007c0000000)
  region size 2048K, 4 young (8192K), 4 survivors (8192K)
 Metaspace       used 37175K, capacity 37710K, committed 38000K, reserved 1083392K
  class space    used 4287K, capacity 4501K, committed 4544K, reserved 1048576K
}
Event: 2.152 GC heap before
{Heap before GC invocations=12 (full 0):
 garbage-first heap   total 77824K, used 51634K [0x00000006c0000000, 0x00000007c0000000)
  region size 2048K, 22 young (45056K), 4 survivors (8192K)
 Metaspace       used 37900K, capacity 38446K, committed 38768K, reserved 1083392K
  class space    used 4350K, capacity 4533K, committed 4544K, reserved 1048576K
}
Event: 2.156 GC heap after
{Heap after GC invocations=13 (full 0):
 garbage-first heap   total 77824K, used 17502K [0x00000006c0000000, 0x00000007c0000000)
  region size 2048K, 2 young (4096K), 2 survivors (4096K)
 Metaspace       used 37900K, capacity 38446K, committed 38768K, reserved 1083392K
  class space    used 4350K, capacity 4533K, committed 4544K, reserved 1048576K
}
Event: 2.326 GC heap before
{Heap before GC invocations=13 (full 0):
 garbage-first heap   total 77824K, used 56414K [0x00000006c0000000, 0x00000007c0000000)
  region size 2048K, 22 young (45056K), 2 survivors (4096K)
 Metaspace       used 42339K, capacity 42853K, committed 42992K, reserved 1087488K
  class space    used 4913K, capacity 5086K, committed 5184K, reserved 1048576K
}
Event: 2.329 GC heap after
{Heap after GC invocations=14 (full 0):
 garbage-first heap   total 77824K, used 18796K [0x00000006c0000000, 0x00000007c0000000)
  region size 2048K, 2 young (4096K), 2 survivors (4096K)
 Metaspace       used 42339K, capacity 42853K, committed 42992K, reserved 1087488K
  class space    used 4913K, capacity 5086K, committed 5184K, reserved 1048576K
}
Event: 2.671 GC heap before
{Heap before GC invocations=14 (full 0):
 garbage-first heap   total 77824K, used 59756K [0x00000006c0000000, 0x00000007c0000000)
  region size 2048K, 22 young (45056K), 2 survivors (4096K)
 Metaspace       used 53728K, capacity 54357K, committed 54512K, reserved 1097728K
  class space    used 6464K, capacity 6696K, committed 6720K, reserved 1048576K
}
Event: 2.675 GC heap after
{Heap after GC invocations=15 (full 0):
 garbage-first heap   total 94208K, used 21847K [0x00000006c0000000, 0x00000007c0000000)
  region size 2048K, 3 young (6144K), 3 survivors (6144K)
 Metaspace       used 53728K, capacity 54357K, committed 54512K, reserved 1097728K
  class space    used 6464K, capacity 6696K, committed 6720K, reserved 1048576K
}
Event: 2.822 GC heap before
{Heap before GC invocations=15 (full 0):
 garbage-first heap   total 94208K, used 48471K [0x00000006c0000000, 0x00000007c0000000)
  region size 2048K, 17 young (34816K), 3 survivors (6144K)
 Metaspace       used 59143K, capacity 59725K, committed 59888K, reserved 1101824K
  class space    used 7156K, capacity 7373K, committed 7488K, reserved 1048576K
}
Event: 2.826 GC heap after
{Heap after GC invocations=16 (full 0):
 garbage-first heap   total 94208K, used 23339K [0x00000006c0000000, 0x00000007c0000000)
  region size 2048K, 3 young (6144K), 3 survivors (6144K)
 Metaspace       used 59143K, capacity 59725K, committed 59888K, reserved 1101824K
  class space    used 7156K, capacity 7373K, committed 7488K, reserved 1048576K
}

