# JRE version: OpenJDK Runtime Environment Zulu15.36+13-CA (15.0.5+3) (build 15.0.5+3-MTS)
# Java VM: OpenJDK 64-Bit Server VM Zulu15.36+13-CA (15.0.5+3-MTS, mixed mode, tiered, compressed oops, g1 gc, bsd-aarch64)
GC Precious Log:
 CPUs: 8 total, 8 available
 Memory: 16384M
 Large Page Support: Disabled
 NUMA Support: Disabled
 Compressed Oops: Enabled (Zero based)
 Heap Region Size: 2M
 Heap Min Capacity: 8M
 Heap Initial Capacity: 256M
 Heap Max Capacity: 4G
 Pre-touch: Disabled
 Parallel Workers: 8
 Concurrent Workers: 2
 Concurrent Refinement Workers: 8
 Periodic GC: Disabled
Heap:
 garbage-first heap   total 161792K, used 73992K [0x00000006c0000000, 0x00000007c0000000)
  region size 2048K, 30 young (61440K), 1 survivors (2048K)
 Metaspace       used 45005K, capacity 45559K, committed 45680K, reserved 1089536K
  class space    used 5344K, capacity 5553K, committed 5568K, reserved 1048576K
GC Heap History (20 events):
Event: 1.103 GC heap before
{Heap before GC invocations=2 (full 0):
 garbage-first heap   total 262144K, used 62996K [0x00000006c0000000, 0x00000007c0000000)
  region size 2048K, 29 young (59392K), 1 survivors (2048K)
 Metaspace       used 18980K, capacity 19354K, committed 19584K, reserved 1067008K
  class space    used 2026K, capacity 2120K, committed 2176K, reserved 1048576K
}
Event: 1.106 GC heap after
{Heap after GC invocations=3 (full 0):
 garbage-first heap   total 262144K, used 9168K [0x00000006c0000000, 0x00000007c0000000)
  region size 2048K, 1 young (2048K), 1 survivors (2048K)
 Metaspace       used 18980K, capacity 19354K, committed 19584K, reserved 1067008K
  class space    used 2026K, capacity 2120K, committed 2176K, reserved 1048576K
}
Event: 1.173 GC heap before
{Heap before GC invocations=3 (full 0):
 garbage-first heap   total 262144K, used 19408K [0x00000006c0000000, 0x00000007c0000000)
  region size 2048K, 7 young (14336K), 1 survivors (2048K)
 Metaspace       used 20893K, capacity 21267K, committed 21552K, reserved 1069056K
  class space    used 2308K, capacity 2412K, committed 2432K, reserved 1048576K
}
Event: 1.176 GC heap after
{Heap after GC invocations=4 (full 0):
 garbage-first heap   total 262144K, used 9656K [0x00000006c0000000, 0x00000007c0000000)
  region size 2048K, 2 young (4096K), 2 survivors (4096K)
 Metaspace       used 20893K, capacity 21267K, committed 21552K, reserved 1069056K
  class space    used 2308K, capacity 2412K, committed 2432K, reserved 1048576K
}
Event: 1.443 GC heap before
{Heap before GC invocations=5 (full 0):
 garbage-first heap   total 49152K, used 46520K [0x00000006c0000000, 0x00000007c0000000)
  region size 2048K, 20 young (40960K), 2 survivors (4096K)
 Metaspace       used 26786K, capacity 27122K, committed 27248K, reserved 1073152K
  class space    used 3050K, capacity 3164K, committed 3264K, reserved 1048576K
}
Event: 1.448 GC heap after
{Heap after GC invocations=6 (full 0):
 garbage-first heap   total 55296K, used 11538K [0x00000006c0000000, 0x00000007c0000000)
  region size 2048K, 3 young (6144K), 3 survivors (6144K)
 Metaspace       used 26786K, capacity 27122K, committed 27248K, reserved 1073152K
  class space    used 3050K, capacity 3164K, committed 3264K, reserved 1048576K
}
Event: 1.475 GC heap before
{Heap before GC invocations=6 (full 0):
 garbage-first heap   total 55296K, used 34066K [0x00000006c0000000, 0x00000007c0000000)
  region size 2048K, 15 young (30720K), 3 survivors (6144K)
 Metaspace       used 27637K, capacity 27988K, committed 28016K, reserved 1075200K
  class space    used 3141K, capacity 3262K, committed 3264K, reserved 1048576K
}
Event: 1.483 GC heap after
{Heap after GC invocations=7 (full 0):
 garbage-first heap   total 55296K, used 11799K [0x00000006c0000000, 0x00000007c0000000)
  region size 2048K, 2 young (4096K), 2 survivors (4096K)
 Metaspace       used 27637K, capacity 27988K, committed 28016K, reserved 1075200K
  class space    used 3141K, capacity 3262K, committed 3264K, reserved 1048576K
}
Event: 1.542 GC heap before
{Heap before GC invocations=7 (full 0):
 garbage-first heap   total 55296K, used 34327K [0x00000006c0000000, 0x00000007c0000000)
  region size 2048K, 14 young (28672K), 2 survivors (4096K)
 Metaspace       used 28654K, capacity 29012K, committed 29168K, reserved 1075200K
  class space    used 3275K, capacity 3390K, committed 3392K, reserved 1048576K
}
Event: 1.545 GC heap after
{Heap after GC invocations=8 (full 0):
 garbage-first heap   total 55296K, used 11886K [0x00000006c0000000, 0x00000007c0000000)
  region size 2048K, 2 young (4096K), 2 survivors (4096K)
 Metaspace       used 28654K, capacity 29012K, committed 29168K, reserved 1075200K
  class space    used 3275K, capacity 3390K, committed 3392K, reserved 1048576K
}
Event: 1.851 GC heap before
{Heap before GC invocations=8 (full 0):
 garbage-first heap   total 55296K, used 38510K [0x00000006c0000000, 0x00000007c0000000)
  region size 2048K, 15 young (30720K), 2 survivors (4096K)
 Metaspace       used 30560K, capacity 31006K, committed 31344K, reserved 1077248K
  class space    used 3511K, capacity 3665K, committed 3776K, reserved 1048576K
}
Event: 1.854 GC heap after
{Heap after GC invocations=9 (full 0):
 garbage-first heap   total 159744K, used 12964K [0x00000006c0000000, 0x00000007c0000000)
  region size 2048K, 1 young (2048K), 1 survivors (2048K)
 Metaspace       used 30560K, capacity 31006K, committed 31344K, reserved 1077248K
  class space    used 3511K, capacity 3665K, committed 3776K, reserved 1048576K
}
Event: 2.333 GC heap before
{Heap before GC invocations=9 (full 0):
 garbage-first heap   total 159744K, used 45732K [0x00000006c0000000, 0x00000007c0000000)
  region size 2048K, 18 young (36864K), 1 survivors (2048K)
 Metaspace       used 35454K, capacity 35890K, committed 35952K, reserved 1081344K
  class space    used 4118K, capacity 4256K, committed 4288K, reserved 1048576K
}
Event: 2.337 GC heap after
{Heap after GC invocations=10 (full 0):
 garbage-first heap   total 159744K, used 14909K [0x00000006c0000000, 0x00000007c0000000)
  region size 2048K, 2 young (4096K), 2 survivors (4096K)
 Metaspace       used 35454K, capacity 35890K, committed 35952K, reserved 1081344K
  class space    used 4118K, capacity 4256K, committed 4288K, reserved 1048576K
}
Event: 2.841 GC heap before
{Heap before GC invocations=11 (full 0):
 garbage-first heap   total 61440K, used 47677K [0x00000006c0000000, 0x00000007c0000000)
  region size 2048K, 18 young (36864K), 2 survivors (4096K)
 Metaspace       used 40988K, capacity 41475K, committed 41584K, reserved 1085440K
  class space    used 4868K, capacity 5049K, committed 5056K, reserved 1048576K
}
Event: 2.846 GC heap after
{Heap after GC invocations=12 (full 0):
 garbage-first heap   total 61440K, used 17847K [0x00000006c0000000, 0x00000007c0000000)
  region size 2048K, 3 young (6144K), 3 survivors (6144K)
 Metaspace       used 40988K, capacity 41475K, committed 41584K, reserved 1085440K
  class space    used 4868K, capacity 5049K, committed 5056K, reserved 1048576K
}
Event: 2.849 GC heap before
{Heap before GC invocations=12 (full 0):
 garbage-first heap   total 61440K, used 44471K [0x00000006c0000000, 0x00000007c0000000)
  region size 2048K, 17 young (34816K), 3 survivors (6144K)
 Metaspace       used 40988K, capacity 41475K, committed 41584K, reserved 1085440K
  class space    used 4868K, capacity 5049K, committed 5056K, reserved 1048576K
}
Event: 2.854 GC heap after
{Heap after GC invocations=13 (full 0):
 garbage-first heap   total 61440K, used 18057K [0x00000006c0000000, 0x00000007c0000000)
  region size 2048K, 2 young (4096K), 2 survivors (4096K)
 Metaspace       used 40988K, capacity 41475K, committed 41584K, reserved 1085440K
  class space    used 4868K, capacity 5049K, committed 5056K, reserved 1048576K
}
Event: 2.919 GC heap before
{Heap before GC invocations=13 (full 0):
 garbage-first heap   total 61440K, used 44681K [0x00000006c0000000, 0x00000007c0000000)
  region size 2048K, 16 young (32768K), 2 survivors (4096K)
 Metaspace       used 41722K, capacity 42275K, committed 42480K, reserved 1087488K
  class space    used 4930K, capacity 5145K, committed 5184K, reserved 1048576K
}
Event: 2.923 GC heap after
{Heap after GC invocations=14 (full 0):
 garbage-first heap   total 161792K, used 18696K [0x00000006c0000000, 0x00000007c0000000)
  region size 2048K, 1 young (2048K), 1 survivors (2048K)
 Metaspace       used 41722K, capacity 42275K, committed 42480K, reserved 1087488K
  class space    used 4930K, capacity 5145K, committed 5184K, reserved 1048576K
}

