# JRE version: OpenJDK Runtime Environment Zulu15.36+13-CA (15.0.5+3) (build 15.0.5+3-MTS)
# Java VM: OpenJDK 64-Bit Server VM Zulu15.36+13-CA (15.0.5+3-MTS, mixed mode, tiered, compressed oops, g1 gc, bsd-aarch64)
GC Precious Log:
 CPUs: 8 total, 8 available
 Memory: 16384M
 Large Page Support: Disabled
 NUMA Support: Disabled
 Compressed Oops: Enabled (Zero based)
 Heap Region Size: 2M
 Heap Min Capacity: 8M
 Heap Initial Capacity: 256M
 Heap Max Capacity: 4G
 Pre-touch: Disabled
 Parallel Workers: 8
 Concurrent Workers: 2
 Concurrent Refinement Workers: 8
 Periodic GC: Disabled
Heap:
 garbage-first heap   total 96256K, used 61809K [0x00000006c0000000, 0x00000007c0000000)
  region size 2048K, 21 young (43008K), 4 survivors (8192K)
 Metaspace       used 68341K, capacity 68993K, committed 69120K, reserved 1110016K
  class space    used 8702K, capacity 8944K, committed 8960K, reserved 1048576K
GC Heap History (20 events):
Event: 0.771 GC heap before
{Heap before GC invocations=2 (full 0):
 garbage-first heap   total 262144K, used 36041K [0x00000006c0000000, 0x00000007c0000000)
  region size 2048K, 15 young (30720K), 1 survivors (2048K)
 Metaspace       used 20762K, capacity 21111K, committed 21248K, reserved 1069056K
  class space    used 2319K, capacity 2442K, committed 2560K, reserved 1048576K
}
Event: 0.773 GC heap after
{Heap after GC invocations=3 (full 0):
 garbage-first heap   total 262144K, used 10742K [0x00000006c0000000, 0x00000007c0000000)
  region size 2048K, 2 young (4096K), 2 survivors (4096K)
 Metaspace       used 20762K, capacity 21111K, committed 21248K, reserved 1069056K
  class space    used 2319K, capacity 2442K, committed 2560K, reserved 1048576K
}
Event: 0.917 GC heap before
{Heap before GC invocations=4 (full 0):
 garbage-first heap   total 49152K, used 47606K [0x00000006c0000000, 0x00000007c0000000)
  region size 2048K, 20 young (40960K), 2 survivors (4096K)
 Metaspace       used 27549K, capacity 27931K, committed 28160K, reserved 1075200K
  class space    used 3181K, capacity 3304K, committed 3328K, reserved 1048576K
}
Event: 0.920 GC heap after
{Heap after GC invocations=5 (full 0):
 garbage-first heap   total 55296K, used 12055K [0x00000006c0000000, 0x00000007c0000000)
  region size 2048K, 3 young (6144K), 3 survivors (6144K)
 Metaspace       used 27549K, capacity 27931K, committed 28160K, reserved 1075200K
  class space    used 3181K, capacity 3304K, committed 3328K, reserved 1048576K
}
Event: 0.977 GC heap before
{Heap before GC invocations=5 (full 0):
 garbage-first heap   total 55296K, used 32535K [0x00000006c0000000, 0x00000007c0000000)
  region size 2048K, 14 young (28672K), 3 survivors (6144K)
 Metaspace       used 28865K, capacity 29231K, committed 29312K, reserved 1075200K
  class space    used 3327K, capacity 3440K, committed 3456K, reserved 1048576K
}
Event: 0.982 GC heap after
{Heap after GC invocations=6 (full 0):
 garbage-first heap   total 55296K, used 12895K [0x00000006c0000000, 0x00000007c0000000)
  region size 2048K, 2 young (4096K), 2 survivors (4096K)
 Metaspace       used 28865K, capacity 29231K, committed 29312K, reserved 1075200K
  class space    used 3327K, capacity 3440K, committed 3456K, reserved 1048576K
}
Event: 0.984 GC heap before
{Heap before GC invocations=6 (full 0):
 garbage-first heap   total 55296K, used 33375K [0x00000006c0000000, 0x00000007c0000000)
  region size 2048K, 13 young (26624K), 2 survivors (4096K)
 Metaspace       used 28865K, capacity 29231K, committed 29312K, reserved 1075200K
  class space    used 3327K, capacity 3440K, committed 3456K, reserved 1048576K
}
Event: 0.986 GC heap after
{Heap after GC invocations=7 (full 0):
 garbage-first heap   total 159744K, used 12642K [0x00000006c0000000, 0x00000007c0000000)
  region size 2048K, 2 young (4096K), 2 survivors (4096K)
 Metaspace       used 28865K, capacity 29231K, committed 29312K, reserved 1075200K
  class space    used 3327K, capacity 3440K, committed 3456K, reserved 1048576K
}
Event: 1.385 GC heap before
{Heap before GC invocations=7 (full 0):
 garbage-first heap   total 159744K, used 72034K [0x00000006c0000000, 0x00000007c0000000)
  region size 2048K, 32 young (65536K), 2 survivors (4096K)
 Metaspace       used 35341K, capacity 35743K, committed 35840K, reserved 1081344K
  class space    used 4135K, capacity 4293K, committed 4352K, reserved 1048576K
}
Event: 1.407 GC heap after
{Heap after GC invocations=8 (full 0):
 garbage-first heap   total 159744K, used 15677K [0x00000006c0000000, 0x00000007c0000000)
  region size 2048K, 3 young (6144K), 3 survivors (6144K)
 Metaspace       used 35341K, capacity 35743K, committed 35840K, reserved 1081344K
  class space    used 4135K, capacity 4293K, committed 4352K, reserved 1048576K
}
Event: 1.678 GC heap before
{Heap before GC invocations=9 (full 0):
 garbage-first heap   total 69632K, used 50493K [0x00000006c0000000, 0x00000007c0000000)
  region size 2048K, 20 young (40960K), 3 survivors (6144K)
 Metaspace       used 40304K, capacity 40690K, committed 40832K, reserved 1085440K
  class space    used 4784K, capacity 4956K, committed 4992K, reserved 1048576K
}
Event: 1.684 GC heap after
{Heap after GC invocations=10 (full 0):
 garbage-first heap   total 69632K, used 17811K [0x00000006c0000000, 0x00000007c0000000)
  region size 2048K, 2 young (4096K), 2 survivors (4096K)
 Metaspace       used 40304K, capacity 40690K, committed 40832K, reserved 1085440K
  class space    used 4784K, capacity 4956K, committed 4992K, reserved 1048576K
}
Event: 1.891 GC heap before
{Heap before GC invocations=10 (full 0):
 garbage-first heap   total 69632K, used 48531K [0x00000006c0000000, 0x00000007c0000000)
  region size 2048K, 17 young (34816K), 2 survivors (4096K)
 Metaspace       used 46594K, capacity 47070K, committed 47104K, reserved 1091584K
  class space    used 5703K, capacity 5864K, committed 5888K, reserved 1048576K
}
Event: 1.895 GC heap after
{Heap after GC invocations=11 (full 0):
 garbage-first heap   total 69632K, used 19970K [0x00000006c0000000, 0x00000007c0000000)
  region size 2048K, 3 young (6144K), 3 survivors (6144K)
 Metaspace       used 46594K, capacity 47070K, committed 47104K, reserved 1091584K
  class space    used 5703K, capacity 5864K, committed 5888K, reserved 1048576K
}
Event: 2.128 GC heap before
{Heap before GC invocations=11 (full 0):
 garbage-first heap   total 69632K, used 48642K [0x00000006c0000000, 0x00000007c0000000)
  region size 2048K, 17 young (34816K), 3 survivors (6144K)
 Metaspace       used 54669K, capacity 55199K, committed 55424K, reserved 1097728K
  class space    used 6720K, capacity 6927K, committed 7040K, reserved 1048576K
}
Event: 2.133 GC heap after
{Heap after GC invocations=12 (full 0):
 garbage-first heap   total 104448K, used 22044K [0x00000006c0000000, 0x00000007c0000000)
  region size 2048K, 3 young (6144K), 3 survivors (6144K)
 Metaspace       used 54669K, capacity 55199K, committed 55424K, reserved 1097728K
  class space    used 6720K, capacity 6927K, committed 7040K, reserved 1048576K
}
Event: 2.318 GC heap before
{Heap before GC invocations=12 (full 0):
 garbage-first heap   total 104448K, used 56860K [0x00000006c0000000, 0x00000007c0000000)
  region size 2048K, 21 young (43008K), 3 survivors (6144K)
 Metaspace       used 59592K, capacity 60077K, committed 60160K, reserved 1101824K
  class space    used 7460K, capacity 7647K, committed 7680K, reserved 1048576K
}
Event: 2.323 GC heap after
{Heap after GC invocations=13 (full 0):
 garbage-first heap   total 104448K, used 23441K [0x00000006c0000000, 0x00000007c0000000)
  region size 2048K, 2 young (4096K), 2 survivors (4096K)
 Metaspace       used 59592K, capacity 60077K, committed 60160K, reserved 1101824K
  class space    used 7460K, capacity 7647K, committed 7680K, reserved 1048576K
}
Event: 2.632 GC heap before
{Heap before GC invocations=14 (full 0):
 garbage-first heap   total 96256K, used 76689K [0x00000006c0000000, 0x00000007c0000000)
  region size 2048K, 28 young (57344K), 2 survivors (4096K)
 Metaspace       used 66186K, capacity 66863K, committed 67072K, reserved 1107968K
  class space    used 8363K, capacity 8619K, committed 8704K, reserved 1048576K
}
Event: 2.640 GC heap after
{Heap after GC invocations=15 (full 0):
 garbage-first heap   total 96256K, used 29041K [0x00000006c0000000, 0x00000007c0000000)
  region size 2048K, 4 young (8192K), 4 survivors (8192K)
 Metaspace       used 66186K, capacity 66863K, committed 67072K, reserved 1107968K
  class space    used 8363K, capacity 8619K, committed 8704K, reserved 1048576K
}

